================================================================================
痰湿体质高风险人群核心特征组合识别 - 模块化版本
开始时间: 2026-04-18 15:59:45
日志文件: log/q2_2_3\q2_2_3_console_log.log
================================================================================
数据规模: (1000, 37)

================================================================================
痰湿体质高风险人群特征组合识别分析
================================================================================

【步骤1】构建特征矩阵
--------------------------------------------------------------------------------
总特征数: 22
目标变量分布:
  痰湿质高分组 (≥60): 145人 (14.5%)
  痰湿质低分组 (<60):  855人 (85.5%)

【步骤2】主分析：随机森林 + SHAP
--------------------------------------------------------------------------------
训练随机森林模型...
随机森林准确率: 0.9370

计算SHAP值...

【模块化特征重要性分析】
================================================================================

  【体质模块】
    总贡献度: 0.1762
    Top 3 关键特征:
      1. 平和质: 0.0861
      2. 湿热质: 0.0189
      3. 气虚质: 0.0147

  【血脂模块】
    总贡献度: 0.0412
    Top 3 关键特征:
      1. TG（甘油三酯）: 0.0119
      2. HDL-C（高密度脂蛋白）: 0.0118
      3. TC（总胆固醇）: 0.0113

  【代谢模块】
    总贡献度: 0.0364
    Top 3 关键特征:
      1. BMI: 0.0212
      2. 血尿酸: 0.0088
      3. 空腹血糖: 0.0064

  【生活方式模块】
    总贡献度: 0.0138
    Top 3 关键特征:
      1. 年龄组: 0.0101
      2. 性别: 0.0017
      3. 饮酒史: 0.0011

  【活动能力模块】
    总贡献度: 0.0052
    Top 3 关键特征:
      1. 活动量表总分（ADL总分+IADL总分）: 0.0052

生成可视化: SHAP摘要图...
生成可视化: 模块化特征贡献堆叠图...
生成可视化: 各模块Top特征详细图...

【步骤3】佐证方法：注意力机制验证
--------------------------------------------------------------------------------
训练注意力模型...
    Epoch [50/300], Val Acc: 0.8350
    Epoch [100/300], Val Acc: 0.8250
    Epoch [150/300], Val Acc: 0.8200
    Epoch [200/300], Val Acc: 0.8150
    Epoch [250/300], Val Acc: 0.8200
    Epoch [300/300], Val Acc: 0.8300
    ⚠️ 使用梯度-based特征重要性
最佳验证准确率: 0.8550

注意力权重 Top 10:
                  特征    注意力权重
      血脂异常分型标签（确诊病例） 1.000000
       HDL-C（高密度脂蛋白） 0.489565
活动量表总分（ADL总分+IADL总分） 0.461115
                 气郁质 0.457616
                 BMI 0.394653
                 血瘀质 0.329377
            TG（甘油三酯） 0.311755
                 阳虚质 0.252572
                 血尿酸 0.220540
            TC（总胆固醇） 0.164225

生成可视化: 注意力权重分布...

【步骤4】特征交互效应分析
--------------------------------------------------------------------------------

【特征交互效应分析】Top 6特征两两组合
--------------------------------------------------------------------------------
分析特征: 平和质, BMI, 湿热质, 气虚质, 血瘀质, 阴虚质

Top 5 强交互特征对:
  1. BMI × 气虚质
     交互强度: 0.0788
     双高组SHAP: -0.038 (n=11)
     双低组SHAP: +0.041 (n=8)
  2. BMI × 血瘀质
     交互强度: 0.0786
     双高组SHAP: -0.039 (n=6)
     双低组SHAP: +0.039 (n=14)
  3. BMI × 阴虚质
     交互强度: 0.0625
     双高组SHAP: -0.033 (n=13)
     双低组SHAP: +0.030 (n=10)
  4. 血瘀质 × 阴虚质
     交互强度: 0.0526
     双高组SHAP: -0.024 (n=10)
     双低组SHAP: +0.029 (n=10)
  5. 气虚质 × 阴虚质
     交互强度: 0.0510
     双高组SHAP: -0.021 (n=11)
     双低组SHAP: +0.030 (n=6)

生成可视化: 特征交互效应热力图...
    散点图 1: X=(145,), Y=(145,), C=(145,)
    散点图 2: X=(145,), Y=(145,), C=(145,)
    散点图 3: X=(145,), Y=(145,), C=(145,)
    散点图 4: X=(145,), Y=(145,), C=(145,)
    散点图 5: X=(145,), Y=(145,), C=(145,)
    散点图 6: X=(145,), Y=(145,), C=(145,)
    散点图 7: X=(145,), Y=(145,), C=(145,)
    散点图 8: X=(145,), Y=(145,), C=(145,)
    散点图 9: X=(145,), Y=(145,), C=(145,)

【步骤5】高风险模式挖掘
--------------------------------------------------------------------------------

【高风险模式挖掘】SHAP聚类分析 (k=4)...
--------------------------------------------------------------------------------
高分组样本: 145人, SHAP形状: (145, 22)

  模式1(体质主导型): 5人
    核心驱动特征:
      - HDL-C（高密度脂蛋白）: ↓ (SHAP=-0.071)
      - 平和质: ↑ (SHAP=+0.038)
      - BMI: ↑ (SHAP=+0.024)
      - 阴虚质: ↑ (SHAP=+0.013)
      - 湿热质: ↑ (SHAP=+0.013)

  模式2(体质主导型): 60人
    核心驱动特征:
      - 平和质: ↑ (SHAP=+0.041)
      - BMI: ↑ (SHAP=+0.020)
      - 湿热质: ↑ (SHAP=+0.016)
      - 阳虚质: ↑ (SHAP=+0.004)
      - HDL-C（高密度脂蛋白）: ↑ (SHAP=+0.004)

  模式3(体质主导型): 34人
    核心驱动特征:
      - 平和质: ↑ (SHAP=+0.037)
      - BMI: ↑ (SHAP=+0.018)
      - 湿热质: ↓ (SHAP=-0.016)
      - 气虚质: ↑ (SHAP=+0.008)
      - 年龄组: ↑ (SHAP=+0.007)

  模式4(体质主导型): 46人
    核心驱动特征:
      - 平和质: ↑ (SHAP=+0.039)
      - BMI: ↓ (SHAP=-0.023)
      - 湿热质: ↑ (SHAP=+0.007)
      - 阳虚质: ↑ (SHAP=+0.007)
      - TC（总胆固醇）: ↑ (SHAP=+0.006)

生成可视化: 高风险模式雷达图...
生成可视化: 高风险模式特征贡献对比...
生成可视化: 高风险特征共现热力图...

✓ 分析完成！
  发现 4 种高风险模式
  识别 10 个强交互特征对

✓ Markdown报告: output\q2_2_3\分析报告.md

================================================================================
✓ 全部分析完成！
结束时间: 2026-04-18 16:00:12
日志已保存至: log/q2_2_3\q2_2_3_console_log.log
================================================================================
