2026-04-18 18:29:23,810 - INFO - ================================================================================
2026-04-18 18:29:23,810 - INFO - 痰湿体质患者干预方案优化系统
2026-04-18 18:29:23,810 - INFO - ================================================================================
2026-04-18 18:29:23,810 - INFO - 日志文件: log/q3_1\q3_1_console_log_20260418_182923.log
2026-04-18 18:29:23,810 - INFO - ================================================================================
2026-04-18 18:29:23,810 - INFO - 开始加载和预处理数据
2026-04-18 18:29:23,820 - INFO - ================================================================================
2026-04-18 18:29:23,822 - INFO - 原始数据形状: (1000, 37)
2026-04-18 18:29:23,822 - INFO - 数据列: ['样本ID', '体质标签', '平和质', '气虚质', '阳虚质', '阴虚质', '痰湿质', '湿热质', '血瘀质', '气郁质', '特禀质', 'ADL用厕', 'ADL吃饭', 'ADL步行', 'ADL穿衣', 'ADL洗澡', 'ADL总分', 'IADL购物', 'IADL做饭', 'IADL理财', 'IADL交通', 'IADL服药', 'IADL总分', '活动量表总分（ADL总分+IADL总分）', 'HDL-C（高密度脂蛋白）', 'LDL-C（低密度脂蛋白）', 'TG（甘油三酯）', 'TC（总胆固醇）', '空腹血糖', '血尿酸', 'BMI', '高血脂症二分类标签', '血脂异常分型标签（确诊病例）', '年龄组', '性别', '吸烟史', '饮酒史']
2026-04-18 18:29:23,823 - INFO - 
筛选后痰湿体质患者数量: 278
2026-04-18 18:29:23,824 - INFO - 
关键特征统计:
2026-04-18 18:29:23,836 - INFO -          样本ID     年龄组      性别     BMI     痰湿质   ADL总分  IADL总分  活动量表总分  TG（甘油三酯）  TC（总胆固醇）  HDL-C（高密度脂蛋白）  LDL-C（低密度脂蛋白）
count  278.00  278.00  278.00  278.00  278.00  278.00  278.00  278.00    278.00    278.00         278.00         278.00
mean   487.19    3.01    0.51   21.90   59.86   24.66   25.04   49.70      1.86      5.78           1.31           2.62
std    292.24    1.40    0.50    2.87    2.88    6.41    7.29   10.03      1.01      1.88           0.25           0.60
min      1.00    1.00    0.00   14.40   55.00    8.00    4.00   26.00      0.04      1.59           0.61           1.12
25%    230.25    2.00    0.00   20.08   58.00   20.00   19.00   42.00      1.00      4.37           1.15           2.25
50%    471.00    3.00    1.00   21.88   60.00   24.50   25.00   50.00      1.73      5.82           1.32           2.61
75%    745.75    4.00    1.00   23.75   62.00   29.00   30.00   57.00      2.55      7.40           1.47           3.05
max    999.00    5.00    1.00   29.79   65.00   42.00   42.00   77.00      3.98      8.98           2.06           4.38
2026-04-18 18:29:23,836 - INFO - 
================================================================================
2026-04-18 18:29:23,836 - INFO - 开始为患者群体优化干预方案
2026-04-18 18:29:23,836 - INFO - ================================================================================
2026-04-18 18:29:23,836 - INFO - 优化权重设置: 痰湿积分=0.7, 成本=0.3
2026-04-18 18:29:23,836 - INFO - 处理前 5 名患者（共278名）
2026-04-18 18:29:23,837 - INFO - 
成功优化患者数量: 5
2026-04-18 18:29:23,837 - INFO - 
最优方案统计:
2026-04-18 18:29:23,840 - INFO -        final_score  total_cost  monthly_rate
count         5.00        5.00          5.00
mean         45.15      974.40          0.04
std           4.55      309.96          0.01
min          41.17      672.00          0.02
25%          42.64      900.00          0.05
50%          42.64      900.00          0.05
75%          47.05      900.00          0.05
max          52.26     1500.00          0.05
2026-04-18 18:29:23,840 - INFO - 
================================================================================
2026-04-18 18:29:23,841 - INFO - 开始提取决策规则
2026-04-18 18:29:23,841 - INFO - ================================================================================
2026-04-18 18:29:23,845 - INFO - 
【活动强度等级决策规则】
2026-04-18 18:29:23,845 - INFO - |--- TG <= 2.47
|   |--- class: 1级
|--- TG >  2.47
|   |--- class: 1级

2026-04-18 18:29:23,845 - INFO - 
【训练频率决策规则】
2026-04-18 18:29:23,845 - INFO - |--- TG <= 2.47
|   |--- class: 高频(7-10)
|--- TG >  2.47
|   |--- class: 低频(1-3)

2026-04-18 18:29:23,846 - INFO - 
决策树训练准确率:
2026-04-18 18:29:23,846 - INFO -   活动强度: 80.00%
2026-04-18 18:29:23,846 - INFO -   训练频率: 80.00%
2026-04-18 18:29:23,846 - INFO - 
================================================================================
2026-04-18 18:29:23,846 - INFO - 开始聚类分析（n_clusters=4）
2026-04-18 18:29:23,846 - INFO - ================================================================================
2026-04-18 18:29:26,079 - INFO - 
聚类结果统计:
2026-04-18 18:29:26,090 - INFO - 
--- 簇 0 (样本数: 2) ---
2026-04-18 18:29:26,091 - INFO -   年龄组均值: 1.0
2026-04-18 18:29:26,091 - INFO -   活动评分均值: 43.5
2026-04-18 18:29:26,091 - INFO -   BMI均值: 23.87
2026-04-18 18:29:26,091 - INFO -   初始痰湿积分均值: 58.0
2026-04-18 18:29:26,092 - INFO -   活动强度分布: {1: 2}
2026-04-18 18:29:26,092 - INFO -   频率均值: 10.0
2026-04-18 18:29:26,092 - INFO -   最终积分均值: 42.6
2026-04-18 18:29:26,093 - INFO -   总成本均值: 900.0
2026-04-18 18:29:26,093 - INFO - 
--- 簇 1 (样本数: 1) ---
2026-04-18 18:29:26,093 - INFO -   年龄组均值: 1.0
2026-04-18 18:29:26,093 - INFO -   活动评分均值: 63.0
2026-04-18 18:29:26,093 - INFO -   BMI均值: 24.00
2026-04-18 18:29:26,093 - INFO -   初始痰湿积分均值: 59.0
2026-04-18 18:29:26,093 - INFO -   活动强度分布: {3: 1}
2026-04-18 18:29:26,094 - INFO -   频率均值: 1.0
2026-04-18 18:29:26,094 - INFO -   最终积分均值: 52.3
2026-04-18 18:29:26,094 - INFO -   总成本均值: 672.0
2026-04-18 18:29:26,094 - INFO - 
--- 簇 2 (样本数: 1) ---
2026-04-18 18:29:26,094 - INFO -   年龄组均值: 2.0
2026-04-18 18:29:26,094 - INFO -   活动评分均值: 38.0
2026-04-18 18:29:26,094 - INFO -   BMI均值: 25.68
2026-04-18 18:29:26,094 - INFO -   初始痰湿积分均值: 64.0
2026-04-18 18:29:26,095 - INFO -   活动强度分布: {1: 1}
2026-04-18 18:29:26,095 - INFO -   频率均值: 10.0
2026-04-18 18:29:26,095 - INFO -   最终积分均值: 47.0
2026-04-18 18:29:26,095 - INFO -   总成本均值: 1500.0
2026-04-18 18:29:26,095 - INFO - 
--- 簇 3 (样本数: 1) ---
2026-04-18 18:29:26,095 - INFO -   年龄组均值: 4.0
2026-04-18 18:29:26,095 - INFO -   活动评分均值: 44.0
2026-04-18 18:29:26,096 - INFO -   BMI均值: 18.89
2026-04-18 18:29:26,096 - INFO -   初始痰湿积分均值: 56.0
2026-04-18 18:29:26,096 - INFO -   活动强度分布: {1: 1}
2026-04-18 18:29:26,096 - INFO -   频率均值: 10.0
2026-04-18 18:29:26,096 - INFO -   最终积分均值: 41.2
2026-04-18 18:29:26,096 - INFO -   总成本均值: 900.0
2026-04-18 18:29:26,097 - INFO - 
================================================================================
2026-04-18 18:29:26,097 - INFO - 开始生成可视化图表
2026-04-18 18:29:26,097 - INFO - ================================================================================
2026-04-18 18:29:26,782 - INFO - ✓ 已保存: 01_患者特征与最优方案.png
2026-04-18 18:29:27,060 - INFO - ✓ 已保存: 02_成本效果散点图.png
2026-04-18 18:29:27,441 - INFO - ✓ 已保存: 03_决策树_活动强度.png
2026-04-18 18:29:27,857 - INFO - ✓ 已保存: 04_决策树_训练频率.png
2026-04-18 18:29:28,161 - INFO - ✓ 已保存: 05_聚类雷达图.png
2026-04-18 18:29:28,845 - INFO - ✓ 已保存: 06_聚类特征箱线图.png
2026-04-18 18:29:29,279 - INFO - ✓ 已保存: 07_方案推荐对比图.png
2026-04-18 18:29:29,611 - INFO - ✓ 已保存: 08_三维散点图.png
2026-04-18 18:29:29,781 - INFO - ✓ 已保存: 09_效果改善热力图.png
2026-04-18 18:29:30,045 - INFO - ✓ 已保存: 10_帕累托前沿图.png
2026-04-18 18:29:30,045 - INFO - 
共生成 10 张可视化图表
2026-04-18 18:29:30,046 - INFO - 
================================================================================
2026-04-18 18:29:30,046 - INFO - 生成分析报告
2026-04-18 18:29:30,046 - INFO - ================================================================================
2026-04-18 18:29:30,051 - INFO - ✓ 分析报告已保存: output/q3_1\分析报告.md
2026-04-18 18:29:30,055 - INFO - 
✓ 结果数据已保存: output/q3_1\干预方案结果.csv
2026-04-18 18:29:30,055 - INFO - 
================================================================================
2026-04-18 18:29:30,055 - INFO - 程序执行完成！
2026-04-18 18:29:30,055 - INFO - ================================================================================
2026-04-18 18:29:30,055 - INFO - 📊 生成图表: images/q3_1/
2026-04-18 18:29:30,055 - INFO - 📄 分析报告: output/q3_1\分析报告.md
2026-04-18 18:29:30,055 - INFO - 📈 结果数据: output/q3_1\干预方案结果.csv
2026-04-18 18:29:30,055 - INFO - 📝 日志文件: log/q3_1\q3_1_console_log_20260418_182923.log
