2026-04-18 18:26:04,705 - INFO - ================================================================================
2026-04-18 18:26:04,705 - INFO - 痰湿体质患者干预方案优化系统
2026-04-18 18:26:04,705 - INFO - ================================================================================
2026-04-18 18:26:04,705 - INFO - 日志文件: log/q3_1\q3_1_console_log_20260418_182604.log
2026-04-18 18:26:04,705 - INFO - ================================================================================
2026-04-18 18:26:04,705 - INFO - 开始加载和预处理数据
2026-04-18 18:26:04,715 - INFO - ================================================================================
2026-04-18 18:26:04,716 - INFO - 原始数据形状: (1000, 37)
2026-04-18 18:26:04,716 - INFO - 数据列: ['样本ID', '体质标签', '平和质', '气虚质', '阳虚质', '阴虚质', '痰湿质', '湿热质', '血瘀质', '气郁质', '特禀质', 'ADL用厕', 'ADL吃饭', 'ADL步行', 'ADL穿衣', 'ADL洗澡', 'ADL总分', 'IADL购物', 'IADL做饭', 'IADL理财', 'IADL交通', 'IADL服药', 'IADL总分', '活动量表总分（ADL总分+IADL总分）', 'HDL-C（高密度脂蛋白）', 'LDL-C（低密度脂蛋白）', 'TG（甘油三酯）', 'TC（总胆固醇）', '空腹血糖', '血尿酸', 'BMI', '高血脂症二分类标签', '血脂异常分型标签（确诊病例）', '年龄组', '性别', '吸烟史', '饮酒史']
2026-04-18 18:26:04,718 - INFO - 
筛选后痰湿体质患者数量: 278
2026-04-18 18:26:04,719 - INFO - 
关键特征统计:
2026-04-18 18:26:04,730 - INFO -          样本ID     年龄组      性别     BMI     痰湿质   ADL总分  IADL总分  活动量表总分  TG（甘油三酯）  TC（总胆固醇）  HDL-C（高密度脂蛋白）  LDL-C（低密度脂蛋白）
count  278.00  278.00  278.00  278.00  278.00  278.00  278.00  278.00    278.00    278.00         278.00         278.00
mean   487.19    3.01    0.51   21.90   59.86   24.66   25.04   49.70      1.86      5.78           1.31           2.62
std    292.24    1.40    0.50    2.87    2.88    6.41    7.29   10.03      1.01      1.88           0.25           0.60
min      1.00    1.00    0.00   14.40   55.00    8.00    4.00   26.00      0.04      1.59           0.61           1.12
25%    230.25    2.00    0.00   20.08   58.00   20.00   19.00   42.00      1.00      4.37           1.15           2.25
50%    471.00    3.00    1.00   21.88   60.00   24.50   25.00   50.00      1.73      5.82           1.32           2.61
75%    745.75    4.00    1.00   23.75   62.00   29.00   30.00   57.00      2.55      7.40           1.47           3.05
max    999.00    5.00    1.00   29.79   65.00   42.00   42.00   77.00      3.98      8.98           2.06           4.38
2026-04-18 18:26:04,730 - INFO - 
================================================================================
2026-04-18 18:26:04,730 - INFO - 开始为患者群体优化干预方案
2026-04-18 18:26:04,730 - INFO - ================================================================================
2026-04-18 18:26:04,730 - INFO - 优化权重设置: 痰湿积分=0.7, 成本=0.3
2026-04-18 18:26:04,730 - INFO - 处理前 5 名患者（共278名）
2026-04-18 18:26:04,730 - WARNING - 患者1.0无可行方案
2026-04-18 18:26:04,730 - WARNING - 患者2.0无可行方案
2026-04-18 18:26:04,730 - WARNING - 患者3.0无可行方案
2026-04-18 18:26:04,731 - WARNING - 患者4.0无可行方案
2026-04-18 18:26:04,731 - WARNING - 患者5.0无可行方案
2026-04-18 18:26:04,731 - WARNING - 有 5 名患者未找到可行方案
2026-04-18 18:26:04,731 - ERROR - 所有患者均未找到可行方案！
2026-04-18 18:26:04,731 - ERROR - 未找到可行方案，程序退出
