2026-04-18 18:23:13,849 - INFO - ================================================================================
2026-04-18 18:23:13,850 - INFO - 痰湿体质患者干预方案优化系统
2026-04-18 18:23:13,850 - INFO - ================================================================================
2026-04-18 18:23:13,850 - INFO - 日志文件: log/q3_1\q3_1_console_log_20260418_182313.log
2026-04-18 18:23:13,850 - INFO - ================================================================================
2026-04-18 18:23:13,850 - INFO - 开始加载和预处理数据
2026-04-18 18:23:13,850 - INFO - ================================================================================
2026-04-18 18:23:13,852 - INFO - 原始数据形状: (1000, 37)
2026-04-18 18:23:13,852 - INFO - 数据列: ['样本ID', '体质标签', '平和质', '气虚质', '阳虚质', '阴虚质', '痰湿质', '湿热质', '血瘀质', '气郁质', '特禀质', 'ADL用厕', 'ADL吃饭', 'ADL步行', 'ADL穿衣', 'ADL洗澡', 'ADL总分', 'IADL购物', 'IADL做饭', 'IADL理财', 'IADL交通', 'IADL服药', 'IADL总分', '活动量表总分（ADL总分+IADL总分）', 'HDL-C（高密度脂蛋白）', 'LDL-C（低密度脂蛋白）', 'TG（甘油三酯）', 'TC（总胆固醇）', '空腹血糖', '血尿酸', 'BMI', '高血脂症二分类标签', '血脂异常分型标签（确诊病例）', '年龄组', '性别', '吸烟史', '饮酒史']
2026-04-18 18:23:13,853 - INFO - 
筛选后痰湿体质患者数量: 278
2026-04-18 18:23:13,854 - INFO - 
关键特征统计:
2026-04-18 18:23:13,869 - INFO -          样本ID     年龄组      性别     BMI     痰湿质   ADL总分  IADL总分  活动量表总分  TG（甘油三酯）  TC（总胆固醇）  HDL-C（高密度脂蛋白）  LDL-C（低密度脂蛋白）
count  278.00  278.00  278.00  278.00  278.00  278.00  278.00  278.00    278.00    278.00         278.00         278.00
mean   487.19    3.01    0.51   21.90   59.86   24.66   25.04   49.70      1.86      5.78           1.31           2.62
std    292.24    1.40    0.50    2.87    2.88    6.41    7.29   10.03      1.01      1.88           0.25           0.60
min      1.00    1.00    0.00   14.40   55.00    8.00    4.00   26.00      0.04      1.59           0.61           1.12
25%    230.25    2.00    0.00   20.08   58.00   20.00   19.00   42.00      1.00      4.37           1.15           2.25
50%    471.00    3.00    1.00   21.88   60.00   24.50   25.00   50.00      1.73      5.82           1.32           2.61
75%    745.75    4.00    1.00   23.75   62.00   29.00   30.00   57.00      2.55      7.40           1.47           3.05
max    999.00    5.00    1.00   29.79   65.00   42.00   42.00   77.00      3.98      8.98           2.06           4.38
2026-04-18 18:23:13,869 - INFO - 
================================================================================
2026-04-18 18:23:13,869 - INFO - 开始为患者群体优化干预方案
2026-04-18 18:23:13,870 - INFO - ================================================================================
2026-04-18 18:23:13,870 - INFO - 优化权重设置: 痰湿积分=0.7, 成本=0.3
2026-04-18 18:23:13,870 - WARNING - 患者1.0无可行方案
2026-04-18 18:23:13,870 - WARNING - 患者2.0无可行方案
2026-04-18 18:23:13,870 - WARNING - 患者3.0无可行方案
2026-04-18 18:23:13,870 - WARNING - 患者4.0无可行方案
2026-04-18 18:23:13,870 - WARNING - 患者5.0无可行方案
2026-04-18 18:23:13,870 - WARNING - 患者9.0无可行方案
2026-04-18 18:23:13,870 - WARNING - 患者11.0无可行方案
2026-04-18 18:23:13,870 - WARNING - 患者12.0无可行方案
2026-04-18 18:23:13,871 - WARNING - 患者15.0无可行方案
2026-04-18 18:23:13,871 - WARNING - 患者29.0无可行方案
2026-04-18 18:23:13,871 - WARNING - 患者30.0无可行方案
2026-04-18 18:23:13,871 - WARNING - 患者35.0无可行方案
2026-04-18 18:23:13,871 - WARNING - 患者36.0无可行方案
2026-04-18 18:23:13,871 - WARNING - 患者40.0无可行方案
2026-04-18 18:23:13,871 - WARNING - 患者46.0无可行方案
2026-04-18 18:23:13,871 - WARNING - 患者49.0无可行方案
2026-04-18 18:23:13,871 - WARNING - 患者51.0无可行方案
2026-04-18 18:23:13,871 - WARNING - 患者52.0无可行方案
2026-04-18 18:23:13,872 - WARNING - 患者53.0无可行方案
2026-04-18 18:23:13,872 - WARNING - 患者55.0无可行方案
2026-04-18 18:23:13,872 - WARNING - 患者59.0无可行方案
2026-04-18 18:23:13,872 - WARNING - 患者62.0无可行方案
2026-04-18 18:23:13,872 - WARNING - 患者68.0无可行方案
2026-04-18 18:23:13,872 - WARNING - 患者82.0无可行方案
2026-04-18 18:23:13,872 - WARNING - 患者85.0无可行方案
2026-04-18 18:23:13,872 - WARNING - 患者87.0无可行方案
2026-04-18 18:23:13,872 - WARNING - 患者88.0无可行方案
2026-04-18 18:23:13,872 - WARNING - 患者92.0无可行方案
2026-04-18 18:23:13,872 - WARNING - 患者96.0无可行方案
2026-04-18 18:23:13,873 - WARNING - 患者97.0无可行方案
2026-04-18 18:23:13,873 - WARNING - 患者98.0无可行方案
2026-04-18 18:23:13,873 - WARNING - 患者100.0无可行方案
2026-04-18 18:23:13,873 - WARNING - 患者101.0无可行方案
2026-04-18 18:23:13,873 - WARNING - 患者104.0无可行方案
2026-04-18 18:23:13,873 - WARNING - 患者106.0无可行方案
2026-04-18 18:23:13,873 - WARNING - 患者112.0无可行方案
2026-04-18 18:23:13,873 - WARNING - 患者114.0无可行方案
2026-04-18 18:23:13,873 - WARNING - 患者116.0无可行方案
2026-04-18 18:23:13,873 - WARNING - 患者123.0无可行方案
2026-04-18 18:23:13,873 - WARNING - 患者126.0无可行方案
2026-04-18 18:23:13,873 - WARNING - 患者128.0无可行方案
2026-04-18 18:23:13,873 - WARNING - 患者134.0无可行方案
2026-04-18 18:23:13,874 - WARNING - 患者137.0无可行方案
2026-04-18 18:23:13,874 - WARNING - 患者141.0无可行方案
2026-04-18 18:23:13,874 - WARNING - 患者142.0无可行方案
2026-04-18 18:23:13,874 - WARNING - 患者149.0无可行方案
2026-04-18 18:23:13,874 - WARNING - 患者150.0无可行方案
2026-04-18 18:23:13,874 - WARNING - 患者158.0无可行方案
2026-04-18 18:23:13,874 - WARNING - 患者161.0无可行方案
2026-04-18 18:23:13,874 - WARNING - 患者175.0无可行方案
2026-04-18 18:23:13,874 - WARNING - 患者178.0无可行方案
2026-04-18 18:23:13,874 - WARNING - 患者179.0无可行方案
2026-04-18 18:23:13,874 - WARNING - 患者180.0无可行方案
2026-04-18 18:23:13,874 - WARNING - 患者185.0无可行方案
2026-04-18 18:23:13,874 - WARNING - 患者191.0无可行方案
2026-04-18 18:23:13,875 - WARNING - 患者192.0无可行方案
2026-04-18 18:23:13,875 - WARNING - 患者193.0无可行方案
2026-04-18 18:23:13,875 - WARNING - 患者194.0无可行方案
2026-04-18 18:23:13,875 - WARNING - 患者197.0无可行方案
2026-04-18 18:23:13,875 - WARNING - 患者200.0无可行方案
2026-04-18 18:23:13,875 - WARNING - 患者201.0无可行方案
2026-04-18 18:23:13,875 - WARNING - 患者202.0无可行方案
2026-04-18 18:23:13,875 - WARNING - 患者203.0无可行方案
2026-04-18 18:23:13,875 - WARNING - 患者208.0无可行方案
2026-04-18 18:23:13,875 - WARNING - 患者212.0无可行方案
2026-04-18 18:23:13,875 - WARNING - 患者215.0无可行方案
2026-04-18 18:23:13,875 - WARNING - 患者218.0无可行方案
2026-04-18 18:23:13,876 - WARNING - 患者220.0无可行方案
2026-04-18 18:23:13,876 - WARNING - 患者222.0无可行方案
2026-04-18 18:23:13,876 - WARNING - 患者230.0无可行方案
2026-04-18 18:23:13,876 - WARNING - 患者231.0无可行方案
2026-04-18 18:23:13,876 - WARNING - 患者233.0无可行方案
2026-04-18 18:23:13,876 - WARNING - 患者244.0无可行方案
2026-04-18 18:23:13,876 - WARNING - 患者246.0无可行方案
2026-04-18 18:23:13,876 - WARNING - 患者247.0无可行方案
2026-04-18 18:23:13,876 - WARNING - 患者252.0无可行方案
2026-04-18 18:23:13,876 - WARNING - 患者263.0无可行方案
2026-04-18 18:23:13,877 - WARNING - 患者265.0无可行方案
2026-04-18 18:23:13,877 - WARNING - 患者267.0无可行方案
2026-04-18 18:23:13,877 - WARNING - 患者273.0无可行方案
2026-04-18 18:23:13,877 - WARNING - 患者280.0无可行方案
2026-04-18 18:23:13,877 - WARNING - 患者281.0无可行方案
2026-04-18 18:23:13,877 - WARNING - 患者283.0无可行方案
2026-04-18 18:23:13,877 - WARNING - 患者288.0无可行方案
2026-04-18 18:23:13,877 - WARNING - 患者289.0无可行方案
2026-04-18 18:23:13,877 - WARNING - 患者290.0无可行方案
2026-04-18 18:23:13,877 - WARNING - 患者291.0无可行方案
2026-04-18 18:23:13,877 - WARNING - 患者293.0无可行方案
2026-04-18 18:23:13,878 - WARNING - 患者295.0无可行方案
2026-04-18 18:23:13,878 - WARNING - 患者298.0无可行方案
2026-04-18 18:23:13,878 - WARNING - 患者308.0无可行方案
2026-04-18 18:23:13,878 - WARNING - 患者313.0无可行方案
2026-04-18 18:23:13,878 - WARNING - 患者314.0无可行方案
2026-04-18 18:23:13,878 - WARNING - 患者315.0无可行方案
2026-04-18 18:23:13,878 - WARNING - 患者317.0无可行方案
2026-04-18 18:23:13,878 - WARNING - 患者321.0无可行方案
2026-04-18 18:23:13,878 - WARNING - 患者322.0无可行方案
2026-04-18 18:23:13,878 - WARNING - 患者331.0无可行方案
2026-04-18 18:23:13,878 - WARNING - 患者335.0无可行方案
2026-04-18 18:23:13,878 - WARNING - 患者339.0无可行方案
2026-04-18 18:23:13,878 - WARNING - 患者342.0无可行方案
2026-04-18 18:23:13,879 - WARNING - 患者347.0无可行方案
2026-04-18 18:23:13,879 - WARNING - 患者349.0无可行方案
2026-04-18 18:23:13,879 - WARNING - 患者350.0无可行方案
2026-04-18 18:23:13,879 - WARNING - 患者353.0无可行方案
2026-04-18 18:23:13,879 - WARNING - 患者355.0无可行方案
2026-04-18 18:23:13,879 - WARNING - 患者358.0无可行方案
2026-04-18 18:23:13,879 - WARNING - 患者361.0无可行方案
2026-04-18 18:23:13,879 - WARNING - 患者364.0无可行方案
2026-04-18 18:23:13,879 - WARNING - 患者365.0无可行方案
2026-04-18 18:23:13,879 - WARNING - 患者370.0无可行方案
2026-04-18 18:23:13,879 - WARNING - 患者376.0无可行方案
2026-04-18 18:23:13,879 - WARNING - 患者380.0无可行方案
2026-04-18 18:23:13,880 - WARNING - 患者387.0无可行方案
2026-04-18 18:23:13,880 - WARNING - 患者389.0无可行方案
2026-04-18 18:23:13,880 - WARNING - 患者399.0无可行方案
2026-04-18 18:23:13,880 - WARNING - 患者400.0无可行方案
2026-04-18 18:23:13,880 - WARNING - 患者404.0无可行方案
2026-04-18 18:23:13,880 - WARNING - 患者407.0无可行方案
2026-04-18 18:23:13,880 - WARNING - 患者411.0无可行方案
2026-04-18 18:23:13,880 - WARNING - 患者412.0无可行方案
2026-04-18 18:23:13,880 - WARNING - 患者413.0无可行方案
2026-04-18 18:23:13,880 - WARNING - 患者416.0无可行方案
2026-04-18 18:23:13,880 - WARNING - 患者417.0无可行方案
2026-04-18 18:23:13,880 - WARNING - 患者422.0无可行方案
2026-04-18 18:23:13,880 - WARNING - 患者427.0无可行方案
2026-04-18 18:23:13,880 - WARNING - 患者428.0无可行方案
2026-04-18 18:23:13,881 - WARNING - 患者432.0无可行方案
2026-04-18 18:23:13,881 - WARNING - 患者433.0无可行方案
2026-04-18 18:23:13,881 - WARNING - 患者437.0无可行方案
2026-04-18 18:23:13,881 - WARNING - 患者441.0无可行方案
2026-04-18 18:23:13,881 - WARNING - 患者442.0无可行方案
2026-04-18 18:23:13,881 - WARNING - 患者445.0无可行方案
2026-04-18 18:23:13,881 - WARNING - 患者449.0无可行方案
2026-04-18 18:23:13,881 - WARNING - 患者451.0无可行方案
2026-04-18 18:23:13,881 - WARNING - 患者459.0无可行方案
2026-04-18 18:23:13,881 - WARNING - 患者460.0无可行方案
2026-04-18 18:23:13,881 - WARNING - 患者468.0无可行方案
2026-04-18 18:23:13,882 - WARNING - 患者470.0无可行方案
2026-04-18 18:23:13,882 - WARNING - 患者472.0无可行方案
2026-04-18 18:23:13,882 - WARNING - 患者477.0无可行方案
2026-04-18 18:23:13,882 - WARNING - 患者479.0无可行方案
2026-04-18 18:23:13,882 - WARNING - 患者482.0无可行方案
2026-04-18 18:23:13,882 - WARNING - 患者485.0无可行方案
2026-04-18 18:23:13,882 - WARNING - 患者488.0无可行方案
2026-04-18 18:23:13,882 - WARNING - 患者489.0无可行方案
2026-04-18 18:23:13,882 - WARNING - 患者491.0无可行方案
2026-04-18 18:23:13,882 - WARNING - 患者497.0无可行方案
2026-04-18 18:23:13,882 - WARNING - 患者499.0无可行方案
2026-04-18 18:23:13,882 - WARNING - 患者500.0无可行方案
2026-04-18 18:23:13,883 - WARNING - 患者503.0无可行方案
2026-04-18 18:23:13,883 - WARNING - 患者519.0无可行方案
2026-04-18 18:23:13,883 - WARNING - 患者520.0无可行方案
2026-04-18 18:23:13,883 - WARNING - 患者523.0无可行方案
2026-04-18 18:23:13,883 - WARNING - 患者524.0无可行方案
2026-04-18 18:23:13,883 - WARNING - 患者526.0无可行方案
2026-04-18 18:23:13,883 - WARNING - 患者536.0无可行方案
2026-04-18 18:23:13,883 - WARNING - 患者541.0无可行方案
2026-04-18 18:23:13,883 - WARNING - 患者552.0无可行方案
2026-04-18 18:23:13,883 - WARNING - 患者553.0无可行方案
2026-04-18 18:23:13,883 - WARNING - 患者559.0无可行方案
2026-04-18 18:23:13,883 - WARNING - 患者567.0无可行方案
2026-04-18 18:23:13,883 - WARNING - 患者568.0无可行方案
2026-04-18 18:23:13,884 - WARNING - 患者574.0无可行方案
2026-04-18 18:23:13,884 - WARNING - 患者575.0无可行方案
2026-04-18 18:23:13,884 - WARNING - 患者590.0无可行方案
2026-04-18 18:23:13,884 - WARNING - 患者592.0无可行方案
2026-04-18 18:23:13,884 - WARNING - 患者605.0无可行方案
2026-04-18 18:23:13,884 - WARNING - 患者606.0无可行方案
2026-04-18 18:23:13,884 - WARNING - 患者608.0无可行方案
2026-04-18 18:23:13,884 - WARNING - 患者609.0无可行方案
2026-04-18 18:23:13,884 - WARNING - 患者612.0无可行方案
2026-04-18 18:23:13,884 - WARNING - 患者620.0无可行方案
2026-04-18 18:23:13,885 - WARNING - 患者630.0无可行方案
2026-04-18 18:23:13,885 - WARNING - 患者633.0无可行方案
2026-04-18 18:23:13,885 - WARNING - 患者634.0无可行方案
2026-04-18 18:23:13,885 - WARNING - 患者636.0无可行方案
2026-04-18 18:23:13,885 - WARNING - 患者642.0无可行方案
2026-04-18 18:23:13,885 - WARNING - 患者643.0无可行方案
2026-04-18 18:23:13,885 - WARNING - 患者646.0无可行方案
2026-04-18 18:23:13,885 - WARNING - 患者649.0无可行方案
2026-04-18 18:23:13,885 - WARNING - 患者651.0无可行方案
2026-04-18 18:23:13,885 - WARNING - 患者661.0无可行方案
2026-04-18 18:23:13,885 - WARNING - 患者675.0无可行方案
2026-04-18 18:23:13,885 - WARNING - 患者679.0无可行方案
2026-04-18 18:23:13,886 - WARNING - 患者681.0无可行方案
2026-04-18 18:23:13,886 - WARNING - 患者696.0无可行方案
2026-04-18 18:23:13,886 - WARNING - 患者698.0无可行方案
2026-04-18 18:23:13,886 - WARNING - 患者700.0无可行方案
2026-04-18 18:23:13,886 - WARNING - 患者710.0无可行方案
2026-04-18 18:23:13,886 - WARNING - 患者711.0无可行方案
2026-04-18 18:23:13,886 - WARNING - 患者712.0无可行方案
2026-04-18 18:23:13,886 - WARNING - 患者713.0无可行方案
2026-04-18 18:23:13,886 - WARNING - 患者715.0无可行方案
2026-04-18 18:23:13,886 - WARNING - 患者719.0无可行方案
2026-04-18 18:23:13,886 - WARNING - 患者720.0无可行方案
2026-04-18 18:23:13,887 - WARNING - 患者722.0无可行方案
2026-04-18 18:23:13,887 - WARNING - 患者723.0无可行方案
2026-04-18 18:23:13,887 - WARNING - 患者724.0无可行方案
2026-04-18 18:23:13,887 - WARNING - 患者726.0无可行方案
2026-04-18 18:23:13,887 - WARNING - 患者729.0无可行方案
2026-04-18 18:23:13,887 - WARNING - 患者733.0无可行方案
2026-04-18 18:23:13,887 - WARNING - 患者735.0无可行方案
2026-04-18 18:23:13,887 - WARNING - 患者736.0无可行方案
2026-04-18 18:23:13,887 - WARNING - 患者737.0无可行方案
2026-04-18 18:23:13,887 - WARNING - 患者741.0无可行方案
2026-04-18 18:23:13,887 - WARNING - 患者742.0无可行方案
2026-04-18 18:23:13,888 - WARNING - 患者745.0无可行方案
2026-04-18 18:23:13,888 - WARNING - 患者746.0无可行方案
2026-04-18 18:23:13,888 - WARNING - 患者747.0无可行方案
2026-04-18 18:23:13,888 - WARNING - 患者750.0无可行方案
2026-04-18 18:23:13,888 - WARNING - 患者754.0无可行方案
2026-04-18 18:23:13,888 - WARNING - 患者759.0无可行方案
2026-04-18 18:23:13,888 - WARNING - 患者762.0无可行方案
2026-04-18 18:23:13,888 - WARNING - 患者763.0无可行方案
2026-04-18 18:23:13,888 - WARNING - 患者769.0无可行方案
2026-04-18 18:23:13,888 - WARNING - 患者771.0无可行方案
2026-04-18 18:23:13,889 - WARNING - 患者775.0无可行方案
2026-04-18 18:23:13,889 - WARNING - 患者776.0无可行方案
2026-04-18 18:23:13,889 - WARNING - 患者777.0无可行方案
2026-04-18 18:23:13,889 - WARNING - 患者781.0无可行方案
2026-04-18 18:23:13,889 - WARNING - 患者784.0无可行方案
2026-04-18 18:23:13,889 - WARNING - 患者786.0无可行方案
2026-04-18 18:23:13,889 - WARNING - 患者790.0无可行方案
2026-04-18 18:23:13,889 - WARNING - 患者793.0无可行方案
2026-04-18 18:23:13,889 - WARNING - 患者796.0无可行方案
2026-04-18 18:23:13,889 - WARNING - 患者798.0无可行方案
2026-04-18 18:23:13,889 - WARNING - 患者805.0无可行方案
2026-04-18 18:23:13,889 - WARNING - 患者806.0无可行方案
2026-04-18 18:23:13,889 - WARNING - 患者809.0无可行方案
2026-04-18 18:23:13,890 - WARNING - 患者811.0无可行方案
2026-04-18 18:23:13,890 - WARNING - 患者818.0无可行方案
2026-04-18 18:23:13,890 - WARNING - 患者819.0无可行方案
2026-04-18 18:23:13,890 - WARNING - 患者826.0无可行方案
2026-04-18 18:23:13,890 - WARNING - 患者827.0无可行方案
2026-04-18 18:23:13,890 - WARNING - 患者830.0无可行方案
2026-04-18 18:23:13,890 - WARNING - 患者836.0无可行方案
2026-04-18 18:23:13,890 - WARNING - 患者838.0无可行方案
2026-04-18 18:23:13,890 - WARNING - 患者842.0无可行方案
2026-04-18 18:23:13,890 - WARNING - 患者845.0无可行方案
2026-04-18 18:23:13,890 - WARNING - 患者846.0无可行方案
2026-04-18 18:23:13,890 - WARNING - 患者852.0无可行方案
2026-04-18 18:23:13,890 - WARNING - 患者856.0无可行方案
2026-04-18 18:23:13,890 - WARNING - 患者862.0无可行方案
2026-04-18 18:23:13,891 - WARNING - 患者864.0无可行方案
2026-04-18 18:23:13,891 - WARNING - 患者865.0无可行方案
2026-04-18 18:23:13,891 - WARNING - 患者868.0无可行方案
2026-04-18 18:23:13,891 - WARNING - 患者873.0无可行方案
2026-04-18 18:23:13,891 - WARNING - 患者874.0无可行方案
2026-04-18 18:23:13,891 - WARNING - 患者876.0无可行方案
2026-04-18 18:23:13,891 - WARNING - 患者879.0无可行方案
2026-04-18 18:23:13,891 - WARNING - 患者881.0无可行方案
2026-04-18 18:23:13,891 - WARNING - 患者889.0无可行方案
2026-04-18 18:23:13,891 - WARNING - 患者898.0无可行方案
2026-04-18 18:23:13,891 - WARNING - 患者908.0无可行方案
2026-04-18 18:23:13,892 - WARNING - 患者909.0无可行方案
2026-04-18 18:23:13,892 - WARNING - 患者913.0无可行方案
2026-04-18 18:23:13,892 - WARNING - 患者916.0无可行方案
2026-04-18 18:23:13,892 - WARNING - 患者918.0无可行方案
2026-04-18 18:23:13,892 - WARNING - 患者920.0无可行方案
2026-04-18 18:23:13,892 - WARNING - 患者926.0无可行方案
2026-04-18 18:23:13,892 - WARNING - 患者931.0无可行方案
2026-04-18 18:23:13,892 - WARNING - 患者935.0无可行方案
2026-04-18 18:23:13,892 - WARNING - 患者938.0无可行方案
2026-04-18 18:23:13,892 - WARNING - 患者945.0无可行方案
2026-04-18 18:23:13,892 - WARNING - 患者951.0无可行方案
2026-04-18 18:23:13,893 - WARNING - 患者956.0无可行方案
2026-04-18 18:23:13,893 - WARNING - 患者958.0无可行方案
2026-04-18 18:23:13,893 - WARNING - 患者959.0无可行方案
2026-04-18 18:23:13,893 - WARNING - 患者962.0无可行方案
2026-04-18 18:23:13,893 - WARNING - 患者963.0无可行方案
2026-04-18 18:23:13,893 - WARNING - 患者970.0无可行方案
2026-04-18 18:23:13,893 - WARNING - 患者976.0无可行方案
2026-04-18 18:23:13,893 - WARNING - 患者983.0无可行方案
2026-04-18 18:23:13,893 - WARNING - 患者991.0无可行方案
2026-04-18 18:23:13,893 - WARNING - 患者993.0无可行方案
2026-04-18 18:23:13,893 - WARNING - 患者998.0无可行方案
2026-04-18 18:23:13,893 - WARNING - 患者999.0无可行方案
2026-04-18 18:23:13,894 - INFO - 
成功优化患者数量: 0
2026-04-18 18:23:13,894 - INFO - 
最优方案统计:
2026-04-18 18:23:13,895 - ERROR - 
❌ 程序执行出错: "None of [Index(['final_score', 'total_cost', 'monthly_rate'], dtype='str')] are in the [columns]"
Traceback (most recent call last):
  File "E:\CyberDoctor\q3_1.py", line 816, in main
    df_solutions = optimize_all_patients(df)
  File "E:\CyberDoctor\q3_1.py", line 271, in optimize_all_patients
    logger.info(df_solutions[['final_score', 'total_cost', 'monthly_rate']].describe().round(2).to_string())
                ~~~~~~~~~~~~^^^^^^^^^^^^^^^^^^^^^^^^^^^^^^^^^^^^^^^^^^^^^^^
  File "E:\Anaconda\envs\CyberDoctor\Lib\site-packages\pandas\core\frame.py", line 4384, in __getitem__
    indexer = self.columns._get_indexer_strict(key, "columns")[1]
              ~~~~~~~~~~~~~~~~~~~~~~~~~~~~~~~~^^^^^^^^^^^^^^^^
  File "E:\Anaconda\envs\CyberDoctor\Lib\site-packages\pandas\core\indexes\base.py", line 6302, in _get_indexer_strict
    self._raise_if_missing(keyarr, indexer, axis_name)
    ~~~~~~~~~~~~~~~~~~~~~~^^^^^^^^^^^^^^^^^^^^^^^^^^^^
  File "E:\Anaconda\envs\CyberDoctor\Lib\site-packages\pandas\core\indexes\base.py", line 6352, in _raise_if_missing
    raise KeyError(f"None of [{key}] are in the [{axis_name}]")
KeyError: "None of [Index(['final_score', 'total_cost', 'monthly_rate'], dtype='str')] are in the [columns]"
